TN:
SF:D:/Sachin/SampleTrelloApp/SampleTrelloApplication/src/polyfills.ts
FNF:0
FNH:0
DA:41,1
DA:42,1
DA:56,1
LF:3
LH:3
BRF:0
BRH:0
end_of_record
TN:
SF:D:/Sachin/SampleTrelloApp/SampleTrelloApplication/src/test.ts
FN:20,(anonymous_0)
FNF:1
FNH:1
FNDA:1,(anonymous_0)
DA:3,1
DA:4,1
DA:5,1
DA:6,1
DA:7,1
DA:8,1
DA:9,1
DA:10,1
DA:20,1
DA:23,1
DA:28,1
DA:30,1
DA:32,1
LF:13
LH:13
BRF:0
BRH:0
end_of_record
TN:
SF:D:/Sachin/SampleTrelloApp/SampleTrelloApplication/src/app/app.component.ts
FN:8,(anonymous_1)
FN:3,AppComponent
FNF:2
FNH:2
FNDA:1,(anonymous_1)
FNDA:2,AppComponent
DA:1,1
DA:8,1
DA:9,2
DA:10,1
LF:4
LH:4
BRF:0
BRH:0
end_of_record
TN:
SF:D:/Sachin/SampleTrelloApp/SampleTrelloApplication/src/app/board/board.component.ts
FN:13,(anonymous_2)
FN:24,BoardComponent
FN:26,(anonymous_4)
FN:29,(anonymous_5)
FN:32,(anonymous_6)
FN:36,(anonymous_7)
FN:44,(anonymous_8)
FN:47,(anonymous_9)
FN:52,(anonymous_10)
FN:55,(anonymous_11)
FN:59,(anonymous_12)
FN:61,(anonymous_13)
FN:70,(anonymous_14)
FN:83,(anonymous_15)
FN:86,(anonymous_16)
FN:96,(anonymous_17)
FN:112,(anonymous_18)
FNF:17
FNH:3
FNDA:1,(anonymous_2)
FNDA:2,BoardComponent
FNDA:0,(anonymous_4)
FNDA:0,(anonymous_5)
FNDA:0,(anonymous_6)
FNDA:0,(anonymous_7)
FNDA:0,(anonymous_8)
FNDA:0,(anonymous_9)
FNDA:0,(anonymous_10)
FNDA:0,(anonymous_11)
FNDA:0,(anonymous_12)
FNDA:0,(anonymous_13)
FNDA:0,(anonymous_14)
FNDA:0,(anonymous_15)
FNDA:2,(anonymous_16)
FNDA:0,(anonymous_17)
FNDA:0,(anonymous_18)
DA:1,1
DA:2,1
DA:4,1
DA:6,1
DA:13,1
DA:15,2
DA:19,2
DA:21,2
DA:24,2
DA:26,1
DA:27,0
DA:28,0
DA:29,0
DA:32,1
DA:33,0
DA:34,0
DA:36,1
DA:37,0
DA:38,0
DA:40,0
DA:44,0
DA:47,1
DA:48,0
DA:52,0
DA:55,1
DA:57,0
DA:58,0
DA:59,0
DA:61,1
DA:62,0
DA:63,0
DA:65,0
DA:66,0
DA:67,0
DA:70,1
DA:71,0
DA:72,0
DA:73,0
DA:74,0
DA:76,0
DA:79,0
DA:80,0
DA:83,1
DA:84,0
DA:86,1
DA:87,2
DA:88,2
DA:92,2
DA:93,2
DA:96,1
DA:97,0
DA:99,0
DA:100,0
DA:102,0
DA:105,0
DA:106,0
DA:107,0
DA:110,0
DA:112,1
DA:113,0
DA:114,0
DA:115,0
DA:117,0
DA:120,1
LF:64
LH:25
BRDA:62,0,0,0
BRDA:62,0,1,0
BRDA:65,1,0,0
BRDA:65,1,1,0
BRDA:71,2,0,0
BRDA:71,2,1,0
BRDA:72,3,0,0
BRDA:72,3,1,0
BRDA:72,4,0,0
BRDA:72,4,1,0
BRDA:79,5,0,0
BRDA:79,5,1,0
BRDA:99,6,0,0
BRDA:99,6,1,0
BRDA:105,7,0,0
BRDA:105,7,1,0
BRDA:113,8,0,0
BRDA:113,8,1,0
BRDA:113,9,0,0
BRDA:113,9,1,0
BRDA:24,10,0,1
BRDA:24,10,1,0
BRDA:24,11,0,1
BRDA:24,12,0,1
BRDA:24,12,1,1
BRDA:24,12,2,0
BRDA:24,13,0,1
BRDA:24,13,1,1
BRDA:24,14,0,1
BRDA:24,14,1,1
BRDA:24,14,2,0
BRDA:24,15,0,1
BRDA:24,15,1,1
BRF:33
BRH:10
end_of_record
TN:
SF:D:/Sachin/SampleTrelloApp/SampleTrelloApplication/src/app/homepage/homepage.component.ts
FN:15,(anonymous_2)
FN:19,HomepageComponent
FN:21,(anonymous_4)
FN:27,(anonymous_5)
FN:28,(anonymous_6)
FN:31,(anonymous_7)
FNF:6
FNH:5
FNDA:1,(anonymous_2)
FNDA:3,HomepageComponent
FNDA:3,(anonymous_4)
FNDA:3,(anonymous_5)
FNDA:0,(anonymous_6)
FNDA:1,(anonymous_7)
DA:1,1
DA:2,1
DA:4,1
DA:7,1
DA:15,1
DA:16,3
DA:19,3
DA:21,3
DA:26,3
DA:27,3
DA:28,0
DA:31,1
DA:32,1
DA:33,1
DA:34,1
DA:35,1
DA:36,1
DA:37,1
DA:38,1
DA:40,1
LF:20
LH:19
BRDA:19,0,0,1
BRDA:19,0,1,0
BRDA:19,1,0,1
BRDA:19,2,0,1
BRDA:19,2,1,1
BRDA:19,2,2,0
BRDA:19,3,0,1
BRDA:19,3,1,1
BRF:8
BRH:6
end_of_record
TN:
SF:D:/Sachin/SampleTrelloApp/SampleTrelloApplication/src/app/model/board.ts
FN:3,(anonymous_0)
FNF:1
FNH:1
FNDA:7,(anonymous_0)
DA:3,1
DA:7,1
LF:2
LH:2
BRF:0
BRH:0
end_of_record
TN:
SF:D:/Sachin/SampleTrelloApp/SampleTrelloApplication/src/app/model/subtask.ts
FN:1,(anonymous_0)
FNF:1
FNH:1
FNDA:2,(anonymous_0)
DA:1,1
DA:4,1
LF:2
LH:2
BRF:0
BRH:0
end_of_record
TN:
SF:D:/Sachin/SampleTrelloApp/SampleTrelloApplication/src/app/model/task.ts
FN:2,(anonymous_0)
FNF:1
FNH:1
FNDA:2,(anonymous_0)
DA:2,1
DA:7,1
LF:2
LH:2
BRF:0
BRH:0
end_of_record
TN:
SF:D:/Sachin/SampleTrelloApp/SampleTrelloApplication/src/app/services/trello.service.ts
FN:18,(anonymous_2)
FN:21,TrelloService
FN:23,(anonymous_4)
FN:26,(anonymous_5)
FN:27,(anonymous_6)
FN:37,(anonymous_7)
FN:40,(anonymous_8)
FN:50,(anonymous_9)
FN:52,(anonymous_10)
FN:54,(anonymous_11)
FN:57,(anonymous_12)
FN:62,(anonymous_13)
FNF:12
FNH:4
FNDA:1,(anonymous_2)
FNDA:2,TrelloService
FNDA:0,(anonymous_4)
FNDA:0,(anonymous_5)
FNDA:0,(anonymous_6)
FNDA:2,(anonymous_7)
FNDA:1,(anonymous_8)
FNDA:0,(anonymous_9)
FNDA:0,(anonymous_10)
FNDA:0,(anonymous_11)
FNDA:0,(anonymous_12)
FNDA:0,(anonymous_13)
DA:1,1
DA:2,1
DA:3,1
DA:4,1
DA:5,1
DA:6,1
DA:7,1
DA:8,1
DA:9,1
DA:12,1
DA:13,1
DA:14,1
DA:18,1
DA:19,2
DA:21,2
DA:23,1
DA:24,0
DA:25,0
DA:26,0
DA:27,0
DA:31,0
DA:37,2
DA:38,2
DA:39,1
DA:41,1
DA:42,0
DA:46,1
DA:50,1
DA:51,0
DA:52,0
DA:54,0
DA:57,1
DA:58,0
DA:59,0
DA:60,0
DA:62,1
DA:63,0
DA:64,0
DA:65,0
DA:67,0
DA:68,0
DA:69,0
DA:71,0
DA:72,0
DA:74,0
DA:75,0
DA:77,0
DA:78,0
DA:79,0
DA:80,0
DA:83,0
DA:84,0
DA:86,0
DA:90,1
LF:54
LH:25
BRDA:24,0,0,0
BRDA:24,0,1,0
BRDA:38,1,0,1
BRDA:38,1,1,1
BRDA:60,2,0,0
BRDA:60,2,1,0
BRDA:21,3,0,1
BRDA:21,3,1,0
BRDA:21,4,0,1
BRF:9
BRH:4
end_of_record
TN:
SF:D:/Sachin/SampleTrelloApp/SampleTrelloApplication/src/app/shared/custom-sort.pipe.ts
FN:8,(anonymous_1)
FN:8,CustomSort
FN:10,(anonymous_3)
FN:18,(anonymous_4)
FNF:4
FNH:4
FNDA:1,(anonymous_1)
FNDA:3,CustomSort
FNDA:3,(anonymous_3)
FNDA:2,(anonymous_4)
DA:1,1
DA:8,1
DA:10,1
DA:11,3
DA:12,1
DA:15,2
DA:18,1
DA:19,2
DA:20,1
DA:21,1
DA:22,1
DA:23,0
DA:26,1
LF:13
LH:12
BRDA:11,0,0,1
BRDA:11,0,1,2
BRDA:19,1,0,1
BRDA:19,1,1,1
BRDA:21,2,0,1
BRDA:21,2,1,0
BRF:6
BRH:5
end_of_record
TN:
SF:D:/Sachin/SampleTrelloApp/SampleTrelloApplication/src/app/subtask/subtask.component.ts
FN:11,(anonymous_2)
FN:18,SubtaskComponent
FN:21,(anonymous_4)
FN:22,(anonymous_5)
FN:31,(anonymous_6)
FN:37,(anonymous_7)
FN:42,(anonymous_8)
FN:54,(anonymous_9)
FNF:8
FNH:4
FNDA:1,(anonymous_2)
FNDA:1,SubtaskComponent
FNDA:1,(anonymous_4)
FNDA:0,(anonymous_5)
FNDA:0,(anonymous_6)
FNDA:0,(anonymous_7)
FNDA:0,(anonymous_8)
FNDA:1,(anonymous_9)
DA:1,1
DA:4,1
DA:11,1
DA:14,1
DA:15,1
DA:18,1
DA:21,1
DA:22,1
DA:23,0
DA:24,0
DA:25,0
DA:26,0
DA:27,0
DA:31,1
DA:32,0
DA:33,0
DA:35,0
DA:37,0
DA:38,0
DA:42,1
DA:43,0
DA:44,0
DA:50,0
DA:54,1
DA:58,1
LF:25
LH:12
BRDA:23,0,0,0
BRDA:23,0,1,0
BRDA:25,1,0,0
BRDA:25,1,1,0
BRDA:43,2,0,0
BRDA:43,2,1,0
BRDA:43,3,0,0
BRDA:43,3,1,0
BRDA:14,4,0,1
BRDA:14,4,1,0
BRDA:14,5,0,1
BRDA:18,6,0,1
BRDA:18,6,1,0
BRDA:18,7,0,1
BRF:14
BRH:4
end_of_record
TN:
SF:D:/Sachin/SampleTrelloApp/SampleTrelloApplication/src/app/task/task.component.ts
FN:14,(anonymous_2)
FN:27,TaskComponent
FN:31,(anonymous_4)
FN:45,(anonymous_5)
FN:53,(anonymous_6)
FN:74,(anonymous_7)
FN:86,(anonymous_8)
FN:94,(anonymous_9)
FN:99,(anonymous_10)
FN:106,(anonymous_11)
FN:109,(anonymous_12)
FN:114,(anonymous_13)
FN:118,(anonymous_14)
FN:126,(anonymous_15)
FN:133,(anonymous_16)
FNF:15
FNH:3
FNDA:1,(anonymous_2)
FNDA:1,TaskComponent
FNDA:1,(anonymous_4)
FNDA:0,(anonymous_5)
FNDA:0,(anonymous_6)
FNDA:0,(anonymous_7)
FNDA:0,(anonymous_8)
FNDA:0,(anonymous_9)
FNDA:0,(anonymous_10)
FNDA:0,(anonymous_11)
FNDA:0,(anonymous_12)
FNDA:0,(anonymous_13)
FNDA:0,(anonymous_14)
FNDA:0,(anonymous_15)
FNDA:0,(anonymous_16)
DA:1,1
DA:2,1
DA:4,1
DA:5,1
DA:7,1
DA:14,1
DA:16,1
DA:18,1
DA:20,1
DA:23,1
DA:24,1
DA:27,1
DA:28,1
DA:31,1
DA:32,1
DA:33,1
DA:34,0
DA:35,0
DA:36,0
DA:37,0
DA:38,0
DA:39,0
DA:45,1
DA:46,0
DA:47,0
DA:48,0
DA:49,0
DA:53,1
DA:54,0
DA:55,0
DA:59,0
DA:60,0
DA:61,0
DA:62,0
DA:66,0
DA:67,0
DA:69,0
DA:70,0
DA:71,0
DA:74,1
DA:75,0
DA:76,0
DA:77,0
DA:78,0
DA:80,0
DA:82,0
DA:83,0
DA:86,1
DA:87,0
DA:88,0
DA:90,0
DA:94,1
DA:95,0
DA:96,0
DA:99,1
DA:100,0
DA:101,0
DA:102,0
DA:106,0
DA:109,1
DA:110,0
DA:114,0
DA:118,1
DA:119,0
DA:120,0
DA:121,0
DA:126,1
DA:127,0
DA:128,0
DA:130,0
DA:133,1
DA:134,0
DA:136,1
LF:73
LH:27
BRDA:33,0,0,0
BRDA:33,0,1,1
BRDA:37,1,0,0
BRDA:37,1,1,0
BRDA:46,2,0,0
BRDA:46,2,1,0
BRDA:48,3,0,0
BRDA:48,3,1,0
BRDA:54,4,0,0
BRDA:54,4,1,0
BRDA:60,5,0,0
BRDA:60,5,1,0
BRDA:66,6,0,0
BRDA:66,6,1,0
BRDA:75,7,0,0
BRDA:75,7,1,0
BRDA:76,8,0,0
BRDA:76,8,1,0
BRDA:76,9,0,0
BRDA:76,9,1,0
BRDA:82,10,0,0
BRDA:82,10,1,0
BRDA:87,11,0,0
BRDA:87,11,1,0
BRDA:87,12,0,0
BRDA:87,12,1,0
BRDA:119,13,0,0
BRDA:119,13,1,0
BRDA:127,14,0,0
BRDA:127,14,1,0
BRDA:127,15,0,0
BRDA:127,15,1,0
BRDA:16,16,0,1
BRDA:16,16,1,0
BRDA:16,17,0,1
BRDA:20,18,0,1
BRDA:20,18,1,0
BRDA:20,19,0,1
BRDA:27,20,0,1
BRDA:27,20,1,0
BRDA:27,21,0,1
BRDA:27,22,0,1
BRDA:27,22,1,1
BRDA:27,22,2,0
BRDA:27,23,0,1
BRDA:27,23,1,1
BRDA:27,24,0,1
BRDA:27,24,1,1
BRDA:27,24,2,0
BRDA:27,25,0,1
BRDA:27,25,1,1
BRF:51
BRH:15
end_of_record
